\BOOKMARK [1][]{section.1}{\376\377\116\000\060\001\000\040\225\356\230\230\221\315\217\360}{}% 1
\BOOKMARK [1][]{section.2}{\376\377\116\214\060\001\000\040\225\356\230\230\122\006\147\220}{}% 2
\BOOKMARK [1][]{section.3}{\376\377\116\011\060\001\000\040\152\041\127\213\120\107\213\276}{}% 3
\BOOKMARK [1][]{section.4}{\376\377\126\333\060\001\000\040\173\046\123\367\213\364\146\016}{}% 4
\BOOKMARK [1][]{section.5}{\376\377\116\224\060\001\000\040\145\160\143\156\230\204\131\004\164\006}{}% 5
\BOOKMARK [1][]{section.6}{\376\377\121\155\060\001\000\040\225\356\230\230\116\000\377\032\116\214\176\364\155\101\137\142\172\172\225\364\122\006\123\072\116\016\232\330\155\073\140\047\160\355\160\271\213\306\122\053}{}% 6
\BOOKMARK [2][]{subsection.6.1}{\376\377\0006\000.\0001\000\040\127\372\116\216\155\073\140\047\133\306\136\246\166\204\000\040\000E\000-\000D\000B\000S\000C\000A\000N\000\040\152\041\127\213}{section.6}% 7
\BOOKMARK [3][]{subsubsection.6.1.1}{\376\377\0006\000.\0001\000.\0001\000\040\220\273\127\337\123\112\137\204\170\156\133\232}{subsection.6.1}% 8
\BOOKMARK [3][]{subsubsection.6.1.2}{\376\377\0006\000.\0001\000.\0002\000\040\220\273\127\337\155\073\140\047\133\306\136\246}{subsection.6.1}% 9
\BOOKMARK [2][]{subsection.6.2}{\376\377\0006\000.\0002\000\040\160\355\160\271\123\072\127\337\213\306\122\053\176\323\147\234}{section.6}% 10
\BOOKMARK [2][]{subsection.6.3}{\376\377\0006\000.\0003\000\040\160\355\160\271\123\072\127\337\116\016\146\156\220\032\123\072\127\337\153\324\217\203}{section.6}% 11
\BOOKMARK [2][]{subsection.6.4}{\376\377\0006\000.\0004\000\040\124\004\160\355\160\271\123\072\127\337\162\171\137\201}{section.6}% 12
\BOOKMARK [2][]{subsection.6.5}{\376\377\0006\000.\0005\000\040\116\343\210\150\140\047\122\006\133\120\122\006\147\220}{section.6}% 13
\BOOKMARK [1][]{section.7}{\376\377\116\003\060\001\000\040\225\356\230\230\116\214\377\032\155\073\140\047\140\254\135\026\137\072\136\246\116\016\134\100\220\350\145\117\141\037\136\246\122\006\147\220}{}% 14
\BOOKMARK [2][]{subsection.7.1}{\376\377\0007\000.\0001\000\040\122\006\133\120\133\371\155\073\140\047\140\254\135\026\137\072\136\246\152\041\127\213}{section.7}% 15
\BOOKMARK [2][]{subsection.7.2}{\376\377\0007\000.\0002\000\040\155\073\140\047\140\254\135\026\213\306\122\053\176\323\147\234}{section.7}% 16
\BOOKMARK [2][]{subsection.7.3}{\376\377\0007\000.\0003\000\040\122\006\133\120\134\100\220\350\145\117\141\037\136\246\152\041\127\213}{section.7}% 17
\BOOKMARK [2][]{subsection.7.4}{\376\377\0007\000.\0004\000\040\116\015\124\014\172\172\225\364\122\006\123\072\166\204\172\063\133\232\140\047\153\324\217\203}{section.7}% 18
\BOOKMARK [2][]{subsection.7.5}{\376\377\0007\000.\0005\000\040\232\330\155\073\140\047\116\016\134\100\220\350\145\117\141\037\136\246\121\163\200\124\122\006\147\220}{section.7}% 19
\BOOKMARK [1][]{section.8}{\376\377\121\153\060\001\000\040\225\356\230\230\116\011\377\032\116\013\116\000\217\156\133\236\232\214\120\031\220\011\122\006\133\120\117\030\220\011}{}% 20
\BOOKMARK [2][]{subsection.8.1}{\376\377\0008\000.\0001\000\040\131\032\166\356\150\007\117\030\220\011\152\041\127\213}{section.8}% 21
\BOOKMARK [3][]{subsubsection.8.1.1}{\376\377\0008\000.\0001\000.\0001\000\040\136\163\127\107\155\073\140\047\166\356\150\007}{subsection.8.1}% 22
\BOOKMARK [3][]{subsubsection.8.1.2}{\376\377\0008\000.\0001\000.\0002\000\040\134\100\220\350\145\117\141\037\140\047\166\356\150\007}{subsection.8.1}% 23
\BOOKMARK [3][]{subsubsection.8.1.3}{\376\377\0008\000.\0001\000.\0003\000\040\176\323\147\204\217\321\220\273\121\227\117\131\166\356\150\007}{subsection.8.1}% 24
\BOOKMARK [3][]{subsubsection.8.1.4}{\376\377\0008\000.\0001\000.\0004\000\040\172\172\225\364\122\006\145\143\136\246\166\356\150\007}{subsection.8.1}% 25
\BOOKMARK [3][]{subsubsection.8.1.5}{\376\377\0008\000.\0001\000.\0005\000\040\164\006\123\026\140\047\215\050\131\032\150\067\140\047\217\205\122\251\213\304\116\367}{subsection.8.1}% 26
\BOOKMARK [2][]{subsection.8.2}{\376\377\0008\000.\0002\000\040\131\032\166\356\150\007\220\127\117\040\173\227\154\325\154\102\211\343}{section.8}% 27
\BOOKMARK [2][]{subsection.8.3}{\376\377\0008\000.\0003\000\040\000P\000a\000r\000e\000t\000o\000\040\122\115\154\277\145\271\150\110\220\011\142\351}{section.8}% 28
\BOOKMARK [2][]{subsection.8.4}{\376\377\0008\000.\0004\000\040\117\030\123\026\176\323\147\234\122\006\147\220}{section.8}% 29
\BOOKMARK [2][]{subsection.8.5}{\376\377\0008\000.\0005\000\040\116\016\127\372\121\306\145\271\150\110\153\324\217\203}{section.8}% 30
\BOOKMARK [2][]{subsection.8.6}{\376\377\0008\000.\0006\000\040\143\250\203\120\122\006\133\120\211\343\221\312}{section.8}% 31
\BOOKMARK [1][]{section.9}{\376\377\116\135\060\001\000\040\152\041\127\213\213\304\116\367\116\016\145\071\217\333\145\271\124\021}{}% 32
\BOOKMARK [2][]{subsection.9.1}{\376\377\0009\000.\0001\000\040\152\041\127\213\117\030\160\271}{section.9}% 33
\BOOKMARK [2][]{subsection.9.2}{\376\377\0009\000.\0002\000\040\152\041\127\213\116\015\215\263}{section.9}% 34
\BOOKMARK [2][]{subsection.9.3}{\376\377\0009\000.\0003\000\040\145\071\217\333\145\271\124\021}{section.9}% 35
\BOOKMARK [1][]{section.10}{\376\377\123\101\060\001\000\040\176\323\213\272}{}% 36
\BOOKMARK [1][]{section*.24}{\376\377\123\302\200\003\145\207\163\056}{}% 37
\BOOKMARK [1][]{appendix.1.A}{\376\377\226\104\137\125\000\040\000A\000\040\116\073\211\201\217\223\121\372\145\207\116\366\213\364\146\016}{}% 38
\BOOKMARK [1][]{appendix.1.B}{\376\377\226\104\137\125\000\040\000B\000\040\116\272\135\345\146\172\200\375\135\345\121\167\117\177\165\050\213\364\146\016}{}% 39
